TextHandler: Referrer: https://darkscrolls.tech/
VoiceHandler: Referrer: https://darkscrolls.tech/
ImgHandler: Referrer: https://darkscrolls.tech/
TextHandler: Referrer: https://darkscrolls.tech/
ImgHandler: Referrer: https://darkscrolls.tech/
VoiceHandler: Referrer: https://darkscrolls.tech/
TextHandler: Referrer: https://darkscrolls.tech/
VoiceHandler: Referrer: https://darkscrolls.tech/
ImgHandler: Referrer: https://darkscrolls.tech/
TextHandler: Referrer: https://darkscrolls.tech/
VoiceHandler: Referrer: https://darkscrolls.tech/
ImgHandler: Referrer: https://darkscrolls.tech/
TextHandler: Referrer: https://darkscrolls.tech/
VoiceHandler: Referrer: https://darkscrolls.tech/
ImgHandler: Referrer: https://darkscrolls.tech/
TextHandler: Referrer: https://darkscrolls.tech/
VoiceHandler: Referrer: https://darkscrolls.tech/
ImgHandler: Referrer: https://darkscrolls.tech/
TextHandler: Referrer: https://darkscrolls.tech/
VoiceHandler: Referrer: https://darkscrolls.tech/
ImgHandler: Referrer: https://darkscrolls.tech/
TextHandler: Referrer: https://darkscrolls.tech/
VoiceHandler: Referrer: https://darkscrolls.tech/
ImgHandler: Referrer: https://darkscrolls.tech/
TextHandler: Referrer: https://darkscrolls.tech/
VoiceHandler: Referrer: https://darkscrolls.tech/
ImgHandler: Referrer: https://darkscrolls.tech/
TextHandler: Referrer: https://darkscrolls.tech/
ImgHandler: Referrer: https://darkscrolls.tech/
VoiceHandler: Referrer: https://darkscrolls.tech/
TextHandler: Referrer: https://darkscrolls.tech/
VoiceHandler: Referrer: https://darkscrolls.tech/
ImgHandler: Referrer: https://darkscrolls.tech/
TextHandler: Referrer: https://darkscrolls.tech/
VoiceHandler: Referrer: https://darkscrolls.tech/
ImgHandler: Referrer: https://darkscrolls.tech/
TextHandler: Referrer: https://darkscrolls.tech/
VoiceHandler: Referrer: https://darkscrolls.tech/
ImgHandler: Referrer: https://darkscrolls.tech/
TextHandler: Referrer: https://darkscrolls.tech/
ImgHandler: Referrer: https://darkscrolls.tech/
VoiceHandler: Referrer: https://darkscrolls.tech/
TextHandler: Referrer: https://darkscrolls.tech/
ImgHandler: Referrer: https://darkscrolls.tech/
VoiceHandler: Referrer: https://darkscrolls.tech/
TextHandler: Referrer: https://darkscrolls.tech/
VoiceHandler: Referrer: https://darkscrolls.tech/
ImgHandler: Referrer: https://darkscrolls.tech/
TextHandler: Referrer: https://darkscrolls.tech/
VoiceHandler: Referrer: https://darkscrolls.tech/
ImgHandler: Referrer: https://darkscrolls.tech/
TextHandler: Referrer: https://darkscrolls.tech/
VoiceHandler: Referrer: https://darkscrolls.tech/
ImgHandler: Referrer: https://darkscrolls.tech/
TextHandler: Referrer: https://darkscrolls.tech/
ImgHandler: Referrer: https://darkscrolls.tech/
VoiceHandler: Referrer: https://darkscrolls.tech/
TextHandler: Referrer: https://darkscrolls.tech/
VoiceHandler: Referrer: https://darkscrolls.tech/
ImgHandler: Referrer: https://darkscrolls.tech/
TextHandler: Referrer: https://darkscrolls.tech/
VoiceHandler: Referrer: https://darkscrolls.tech/
ImgHandler: Referrer: https://darkscrolls.tech/
TextHandler: Referrer: https://darkscrolls.tech/
VoiceHandler: Referrer: https://darkscrolls.tech/
ImgHandler: Referrer: https://darkscrolls.tech/
TextHandler: Referrer: https://darkscrolls.tech/
VoiceHandler: Referrer: https://darkscrolls.tech/
ImgHandler: Referrer: https://darkscrolls.tech/
TextHandler: Referrer: https://darkscrolls.tech/
ImgHandler: Referrer: https://darkscrolls.tech/
VoiceHandler: Referrer: https://darkscrolls.tech/
TextHandler: Referrer: https://darkscrolls.tech/
ImgHandler: Referrer: https://darkscrolls.tech/
VoiceHandler: Referrer: https://darkscrolls.tech/
TextHandler: Referrer: https://darkscrolls.tech/
VoiceHandler: Referrer: https://darkscrolls.tech/
ImgHandler: Referrer: https://darkscrolls.tech/
TextHandler: Referrer: https://darkscrolls.tech/
VoiceHandler: Referrer: https://darkscrolls.tech/
ImgHandler: Referrer: https://darkscrolls.tech/
TextHandler: Referrer: https://darkscrolls.tech/
VoiceHandler: Referrer: https://darkscrolls.tech/
ImgHandler: Referrer: https://darkscrolls.tech/
TextHandler: Referrer: https://darkscrolls.tech/
VoiceHandler: Referrer: https://darkscrolls.tech/
ImgHandler: Referrer: https://darkscrolls.tech/
TextHandler: Referrer: https://darkscrolls.tech/
VoiceHandler: Referrer: https://darkscrolls.tech/
ImgHandler: Referrer: https://darkscrolls.tech/
TextHandler: Referrer: https://darkscrolls.tech/
VoiceHandler: Referrer: https://darkscrolls.tech/
ImgHandler: Referrer: https://darkscrolls.tech/
TextHandler: Referrer: https://darkscrolls.tech/
VoiceHandler: Referrer: https://darkscrolls.tech/
ImgHandler: Referrer: https://darkscrolls.tech/
TextHandler: Referrer: https://darkscrolls.tech/
VoiceHandler: Referrer: https://darkscrolls.tech/
ImgHandler: Referrer: https://darkscrolls.tech/
TextHandler: Referrer: https://darkscrolls.tech/
VoiceHandler: Referrer: https://darkscrolls.tech/
ImgHandler: Referrer: https://darkscrolls.tech/
TextHandler: Referrer: https://darkscrolls.tech/
ImgHandler: Referrer: https://darkscrolls.tech/
VoiceHandler: Referrer: https://darkscrolls.tech/
TextHandler: Referrer: https://darkscrolls.tech/
VoiceHandler: Referrer: https://darkscrolls.tech/
ImgHandler: Referrer: https://darkscrolls.tech/
TextHandler: Referrer: https://darkscrolls.tech/
VoiceHandler: Referrer: https://darkscrolls.tech/
ImgHandler: Referrer: https://darkscrolls.tech/
TextHandler: Referrer: https://darkscrolls.tech/
VoiceHandler: Referrer: https://darkscrolls.tech/
ImgHandler: Referrer: https://darkscrolls.tech/
TextHandler: Referrer: https://darkscrolls.tech/
VoiceHandler in: : Referrer: https://darkscrolls.tech/
ImgHandler: Referrer: https://darkscrolls.tech/
TextHandler: Referrer: https://darkscrolls.tech/
ImgHandler: Referrer: https://darkscrolls.tech/
VoiceHandler in: : Referrer: https://darkscrolls.tech/
TextHandler: Referrer: https://darkscrolls.tech/
VoiceHandler in: : Referrer: https://darkscrolls.tech/
ImgHandler: Referrer: https://darkscrolls.tech/
TextHandler: Referrer: https://darkscrolls.tech/
ImgHandler: Referrer: https://darkscrolls.tech/
VoiceHandler in: : Referrer: https://darkscrolls.tech/
TextHandler: Referrer: https://darkscrolls.tech/
VoiceHandler in: : Referrer: https://darkscrolls.tech/
ImgHandler: Referrer: https://darkscrolls.tech/
TextHandler: Referrer: https://darkscrolls.tech/
VoiceHandler in: : Referrer: https://darkscrolls.tech/
ImgHandler: Referrer: https://darkscrolls.tech/
TextHandler: Referrer: https://darkscrolls.tech/
VoiceHandler in: : Referrer: https://darkscrolls.tech/
ImgHandler: Referrer: https://darkscrolls.tech/
TextHandler: Referrer: https://darkscrolls.tech/
VoiceHandler in: : Referrer: https://darkscrolls.tech/
ImgHandler: Referrer: https://darkscrolls.tech/
TextHandler: Referrer: https://darkscrolls.tech/
VoiceHandler in: : Referrer: https://darkscrolls.tech/
ImgHandler: Referrer: https://darkscrolls.tech/
TextHandler: Referrer: https://darkscrolls.tech/
VoiceHandler in: : Referrer: https://darkscrolls.tech/
ImgHandler: Referrer: https://darkscrolls.tech/
TextHandler: Referrer: https://darkscrolls.tech/
VoiceHandler in: : Referrer: https://darkscrolls.tech/
ImgHandler: Referrer: https://darkscrolls.tech/
TextHandler: Referrer: https://darkscrolls.tech/
ImgHandler: Referrer: https://darkscrolls.tech/
VoiceHandler in: : Referrer: https://darkscrolls.tech/
TextHandler: Referrer: https://darkscrolls.tech/
VoiceHandler in: : Referrer: https://darkscrolls.tech/
ImgHandler: Referrer: https://darkscrolls.tech/
TextHandler: Referrer: https://darkscrolls.tech/
VoiceHandler in: : Referrer: https://darkscrolls.tech/
ImgHandler: Referrer: https://darkscrolls.tech/
TextHandler: Referrer: https://darkscrolls.tech/
ImgHandler: Referrer: https://darkscrolls.tech/
VoiceHandler in: : Referrer: https://darkscrolls.tech/
TextHandler: Referrer: https://darkscrolls.tech/
VoiceHandler in: : Referrer: https://darkscrolls.tech/
ImgHandler: Referrer: https://darkscrolls.tech/
TextHandler: Referrer: https://darkscrolls.tech/
VoiceHandler in: : Referrer: https://darkscrolls.tech/
ImgHandler: Referrer: https://darkscrolls.tech/
TextHandler: Referrer: https://darkscrolls.tech/
VoiceHandler in: : Referrer: https://darkscrolls.tech/
ImgHandler: Referrer: https://darkscrolls.tech/
TextHandler: Referrer: https://darkscrolls.tech/
VoiceHandler in: : Referrer: https://darkscrolls.tech/
ImgHandler: Referrer: https://darkscrolls.tech/
TextHandler: Referrer: https://darkscrolls.tech/
VoiceHandler in: : Referrer: https://darkscrolls.tech/
ImgHandler: Referrer: https://darkscrolls.tech/
TextHandler: Referrer: https://darkscrolls.tech/
VoiceHandler in: : Referrer: https://darkscrolls.tech/
ImgHandler: Referrer: https://darkscrolls.tech/
TextHandler: Referrer: https://darkscrolls.tech/
VoiceHandler in: : Referrer: https://darkscrolls.tech/
ImgHandler: Referrer: https://darkscrolls.tech/
TextHandler: Referrer: https://darkscrolls.tech/
VoiceHandler in: : Referrer: https://darkscrolls.tech/
ImgHandler: Referrer: https://darkscrolls.tech/
TextHandler: Referrer: https://darkscrolls.tech/
VoiceHandler in: : Referrer: https://darkscrolls.tech/
ImgHandler: Referrer: https://darkscrolls.tech/
TextHandler: Referrer: https://darkscrolls.tech/
VoiceHandler in: : Referrer: https://darkscrolls.tech/
ImgHandler: Referrer: https://darkscrolls.tech/
TextHandler: Referrer: https://darkscrolls.tech/
VoiceHandler in: : Referrer: https://darkscrolls.tech/
ImgHandler: Referrer: https://darkscrolls.tech/
TextHandler: Referrer: https://darkscrolls.tech/
VoiceHandler in: : Referrer: https://darkscrolls.tech/
ImgHandler: Referrer: https://darkscrolls.tech/
TextHandler: Referrer: https://darkscrolls.tech/
VoiceHandler in: : Referrer: https://darkscrolls.tech/
ImgHandler: Referrer: https://darkscrolls.tech/
TextHandler: Referrer: https://darkscrolls.tech/
VoiceHandler in: : Referrer: https://darkscrolls.tech/
ImgHandler: Referrer: https://darkscrolls.tech/
TextHandler: Referrer: https://darkscrolls.tech/
ImgHandler: Referrer: https://darkscrolls.tech/
VoiceHandler in: : Referrer: https://darkscrolls.tech/
TextHandler: Referrer: https://darkscrolls.tech/
VoiceHandler in: : Referrer: https://darkscrolls.tech/
ImgHandler: Referrer: https://darkscrolls.tech/
TextHandler: Referrer: https://darkscrolls.tech/
ImgHandler: Referrer: https://darkscrolls.tech/
VoiceHandler in: : Referrer: https://darkscrolls.tech/
TextHandler: Referrer: https://darkscrolls.tech/
VoiceHandler in: : Referrer: https://darkscrolls.tech/
ImgHandler: Referrer: https://darkscrolls.tech/
TextHandler: Referrer: https://darkscrolls.tech/
ImgHandler: Referrer: https://darkscrolls.tech/
VoiceHandler in: : Referrer: https://darkscrolls.tech/
TextHandler: Referrer: https://darkscrolls.tech/
VoiceHandler in: : Referrer: https://darkscrolls.tech/
ImgHandler: Referrer: https://darkscrolls.tech/
TextHandler: Referrer: https://darkscrolls.tech/
ImgHandler: Referrer: https://darkscrolls.tech/
VoiceHandler in: : Referrer: https://darkscrolls.tech/
TextHandler: Referrer: https://darkscrolls.tech/
VoiceHandler in: : Referrer: https://darkscrolls.tech/
ImgHandler: Referrer: https://darkscrolls.tech/
TextHandler: Referrer: https://darkscrolls.tech/
VoiceHandler in: : Referrer: https://darkscrolls.tech/
ImgHandler: Referrer: https://darkscrolls.tech/
TextHandler: Referrer: https://darkscrolls.tech/
VoiceHandler in: : Referrer: https://darkscrolls.tech/
ImgHandler: Referrer: https://darkscrolls.tech/
TextHandler: Referrer: https://darkscrolls.tech/
ImgHandler: Referrer: https://darkscrolls.tech/
VoiceHandler in: : Referrer: https://darkscrolls.tech/
TextHandler: Referrer: https://darkscrolls.tech/
VoiceHandler in: : Referrer: https://darkscrolls.tech/
ImgHandler: Referrer: https://darkscrolls.tech/
TextHandler: Referrer: https://darkscrolls.tech/
ImgHandler: Referrer: https://darkscrolls.tech/
VoiceHandler in: : Referrer: https://darkscrolls.tech/
TextHandler: Referrer: https://darkscrolls.tech/
VoiceHandler in: : Referrer: https://darkscrolls.tech/
ImgHandler: Referrer: https://darkscrolls.tech/
TextHandler: Referrer: https://darkscrolls.tech/
VoiceHandler in: : Referrer: https://darkscrolls.tech/
ImgHandler: Referrer: https://darkscrolls.tech/
TextHandler: Referrer: https://darkscrolls.tech/
VoiceHandler in: : Referrer: https://darkscrolls.tech/
ImgHandler: Referrer: https://darkscrolls.tech/
TextHandler: Referrer: https://darkscrolls.tech/
VoiceHandler in: : Referrer: https://darkscrolls.tech/
ImgHandler: Referrer: https://darkscrolls.tech/
TextHandler: Referrer: https://darkscrolls.tech/
VoiceHandler in: : Referrer: https://darkscrolls.tech/
ImgHandler: Referrer: https://darkscrolls.tech/
TextHandler: Referrer: https://darkscrolls.tech/
VoiceHandler in: : Referrer: https://darkscrolls.tech/
ImgHandler: Referrer: https://darkscrolls.tech/
TextHandler: Referrer: https://darkscrolls.tech/
VoiceHandler in: : Referrer: https://darkscrolls.tech/
ImgHandler: Referrer: https://darkscrolls.tech/
TextHandler: Referrer: https://darkscrolls.tech/
ImgHandler: Referrer: https://darkscrolls.tech/
VoiceHandler in: : Referrer: https://darkscrolls.tech/
TextHandler: Referrer: https://darkscrolls.tech/
VoiceHandler in: : Referrer: https://darkscrolls.tech/
ImgHandler: Referrer: https://darkscrolls.tech/
TextHandler: Referrer: https://darkscrolls.tech/
VoiceHandler in: : Referrer: https://darkscrolls.tech/
ImgHandler: Referrer: https://darkscrolls.tech/
TextHandler: Referrer: https://darkscrolls.tech/
VoiceHandler in: : Referrer: https://darkscrolls.tech/
ImgHandler: Referrer: https://darkscrolls.tech/
TextHandler: Referrer: https://darkscrolls.tech/
ImgHandler: Referrer: https://darkscrolls.tech/
VoiceHandler in: : Referrer: https://darkscrolls.tech/
TextHandler: Referrer: https://darkscrolls.tech/
ImgHandler: Referrer: https://darkscrolls.tech/
VoiceHandler in: : Referrer: https://darkscrolls.tech/
TextHandler: Referrer: https://darkscrolls.tech/
VoiceHandler in: : Referrer: https://darkscrolls.tech/
ImgHandler: Referrer: https://darkscrolls.tech/
TextHandler: Referrer: https://darkscrolls.tech/
VoiceHandler in: : Referrer: https://darkscrolls.tech/
ImgHandler: Referrer: https://darkscrolls.tech/
TextHandler: Referrer: undefined
TextHandler: Referrer: undefined
TextHandler: Referrer: https://darkscrolls.tech/
ImgHandler: Referrer: https://darkscrolls.tech/
VoiceHandler in: : Referrer: https://darkscrolls.tech/
TextHandler: Referrer: https://darkscrolls.tech/
VoiceHandler in: : Referrer: https://darkscrolls.tech/
ImgHandler: Referrer: https://darkscrolls.tech/
